<?xml version="1.0" encoding="UTF-8"?>
<!-- Generated by org.testng.reporters.JUnitReportReporter -->
<testsuite hostname="DESKTOP-6EVPK3P" failures="0" tests="1" name="cucumberOptions.FailedTestRunner" time="5.305" errors="0" timestamp="2023-10-26T00:52:19 IST" skipped="0">
  <testcase classname="cucumberOptions.FailedTestRunner" name="runScenario" time="5.305"/>
</testsuite> <!-- cucumberOptions.FailedTestRunner -->
